c:\users\user\desktop\0325\server\0325_server\debug\vc142.pdb
c:\users\user\desktop\0325\server\0325_server\debug\vc142.idb
c:\users\user\desktop\0325\server\0325_server\debug\wbserver.obj
c:\users\user\desktop\0325\server\0325_server\debug\start.obj
c:\users\user\desktop\0325\server\0325_server\debug\packet.obj
c:\users\user\desktop\0325\server\0325_server\debug\maindlg.obj
c:\users\user\desktop\0325\server\0325_server\debug\container.obj
c:\users\user\desktop\0325\server\debug\0325_server.exe
c:\users\user\desktop\0325\server\debug\0325_server.ilk
c:\users\user\desktop\0325\server\debug\0325_server.pdb
c:\users\user\desktop\0325\server\0325_server\debug\0324.res
c:\users\user\desktop\0325\server\0325_server\debug\0325_server.tlog\cl.command.1.tlog
c:\users\user\desktop\0325\server\0325_server\debug\0325_server.tlog\cl.read.1.tlog
c:\users\user\desktop\0325\server\0325_server\debug\0325_server.tlog\cl.write.1.tlog
c:\users\user\desktop\0325\server\0325_server\debug\0325_server.tlog\link.command.1.tlog
c:\users\user\desktop\0325\server\0325_server\debug\0325_server.tlog\link.read.1.tlog
c:\users\user\desktop\0325\server\0325_server\debug\0325_server.tlog\link.write.1.tlog
c:\users\user\desktop\0325\server\0325_server\debug\0325_server.tlog\rc.command.1.tlog
c:\users\user\desktop\0325\server\0325_server\debug\0325_server.tlog\rc.read.1.tlog
c:\users\user\desktop\0325\server\0325_server\debug\0325_server.tlog\rc.write.1.tlog
