c:\users\ccm\desktop\수업진행\0323_wsaasyncselect(1대 다)\asyncserver\debug\asyncserver.bsc
c:\users\ccm\desktop\수업진행\0323_wsaasyncselect(1대 다)\asyncserver\debug\vc142.pdb
c:\users\ccm\desktop\수업진행\0323_wsaasyncselect(1대 다)\asyncserver\debug\vc142.idb
c:\users\ccm\desktop\수업진행\0323_wsaasyncselect(1대 다)\asyncserver\debug\wbnet.sbr
c:\users\ccm\desktop\수업진행\0323_wsaasyncselect(1대 다)\asyncserver\debug\ui.sbr
c:\users\ccm\desktop\수업진행\0323_wsaasyncselect(1대 다)\asyncserver\debug\start.sbr
c:\users\ccm\desktop\수업진행\0323_wsaasyncselect(1대 다)\asyncserver\debug\handler.sbr
c:\users\ccm\desktop\수업진행\0323_wsaasyncselect(1대 다)\asyncserver\debug\handler.obj
c:\users\ccm\desktop\수업진행\0323_wsaasyncselect(1대 다)\asyncserver\debug\start.obj
c:\users\ccm\desktop\수업진행\0323_wsaasyncselect(1대 다)\asyncserver\debug\ui.obj
c:\users\ccm\desktop\수업진행\0323_wsaasyncselect(1대 다)\asyncserver\debug\wbnet.obj
c:\users\ccm\desktop\수업진행\0323_wsaasyncselect(1대 다)\asyncserver\debug\asyncserver.ilk
c:\users\ccm\desktop\수업진행\0323_wsaasyncselect(1대 다)\asyncserver\debug\asyncserver.exe
c:\users\ccm\desktop\수업진행\0323_wsaasyncselect(1대 다)\asyncserver\debug\asyncserver.pdb
c:\users\ccm\desktop\수업진행\0323_wsaasyncselect(1대 다)\asyncserver\debug\asyncserver.res
c:\users\ccm\desktop\수업진행\0323_wsaasyncselect(1대 다)\asyncserver\debug\asyncserver.tlog\bscmake.command.1.tlog
c:\users\ccm\desktop\수업진행\0323_wsaasyncselect(1대 다)\asyncserver\debug\asyncserver.tlog\bscmake.read.1.tlog
c:\users\ccm\desktop\수업진행\0323_wsaasyncselect(1대 다)\asyncserver\debug\asyncserver.tlog\bscmake.write.1.tlog
c:\users\ccm\desktop\수업진행\0323_wsaasyncselect(1대 다)\asyncserver\debug\asyncserver.tlog\cl.command.1.tlog
c:\users\ccm\desktop\수업진행\0323_wsaasyncselect(1대 다)\asyncserver\debug\asyncserver.tlog\cl.read.1.tlog
c:\users\ccm\desktop\수업진행\0323_wsaasyncselect(1대 다)\asyncserver\debug\asyncserver.tlog\cl.write.1.tlog
c:\users\ccm\desktop\수업진행\0323_wsaasyncselect(1대 다)\asyncserver\debug\asyncserver.tlog\link.command.1.tlog
c:\users\ccm\desktop\수업진행\0323_wsaasyncselect(1대 다)\asyncserver\debug\asyncserver.tlog\link.read.1.tlog
c:\users\ccm\desktop\수업진행\0323_wsaasyncselect(1대 다)\asyncserver\debug\asyncserver.tlog\link.write.1.tlog
c:\users\ccm\desktop\수업진행\0323_wsaasyncselect(1대 다)\asyncserver\debug\asyncserver.tlog\rc.command.1.tlog
c:\users\ccm\desktop\수업진행\0323_wsaasyncselect(1대 다)\asyncserver\debug\asyncserver.tlog\rc.read.1.tlog
c:\users\ccm\desktop\수업진행\0323_wsaasyncselect(1대 다)\asyncserver\debug\asyncserver.tlog\rc.write.1.tlog
