c:\users\user\desktop\정우진\비트고급\wsp\0311_wmcopydata실습\0311_wmcopydata실습\debug\vc142.pdb
c:\users\user\desktop\정우진\비트고급\wsp\0311_wmcopydata실습\0311_wmcopydata실습\debug\vc142.idb
c:\users\user\desktop\정우진\비트고급\wsp\0311_wmcopydata실습\0311_wmcopydata실습\debug\ui.obj
c:\users\user\desktop\정우진\비트고급\wsp\0311_wmcopydata실습\0311_wmcopydata실습\debug\start.obj
c:\users\user\desktop\정우진\비트고급\wsp\0311_wmcopydata실습\0311_wmcopydata실습\debug\handler.obj
c:\users\user\desktop\정우진\비트고급\wsp\0311_wmcopydata실습\0311_wmcopydata실습\debug\fun.obj
c:\users\user\desktop\정우진\비트고급\wsp\0311_wmcopydata실습\debug\0311_wmcopydata실습.exe
c:\users\user\desktop\정우진\비트고급\wsp\0311_wmcopydata실습\debug\0311_wmcopydata실습.ilk
c:\users\user\desktop\정우진\비트고급\wsp\0311_wmcopydata실습\debug\0311_wmcopydata실습.pdb
c:\users\user\desktop\정우진\비트고급\wsp\0311_wmcopydata실습\0311_wmcopydata실습\debug\0311_wmcopydata실습.res
c:\users\user\desktop\정우진\비트고급\wsp\실습\0311_wmcopydata실습(pipe)\0311실습\0311_wmcopydata실습\debug\fun.obj
c:\users\user\desktop\정우진\비트고급\wsp\실습\0311_wmcopydata실습(pipe)\0311실습\0311_wmcopydata실습\debug\handler.obj
c:\users\user\desktop\정우진\비트고급\wsp\실습\0311_wmcopydata실습(pipe)\0311실습\0311_wmcopydata실습\debug\start.obj
c:\users\user\desktop\정우진\비트고급\wsp\실습\0311_wmcopydata실습(pipe)\0311실습\0311_wmcopydata실습\debug\ui.obj
c:\users\user\desktop\정우진\비트고급\wsp\실습\0311_wmcopydata실습(pipe)\0311실습\0311_wmcopydata실습\debug\0311_wmcopydata실습.res
c:\users\user\desktop\정우진\비트고급\wsp\실습\0311_wmcopydata실습(pipe)\0311실습\0311_wmcopydata실습\debug\vc142.idb
c:\users\user\desktop\정우진\비트고급\wsp\실습\0311_wmcopydata실습(pipe)\0311실습\0311_wmcopydata실습\debug\vc142.pdb
c:\users\user\desktop\정우진\비트고급\wsp\실습\0311_wmcopydata실습(pipe)\0311실습\0311_wmcopydata실습\debug\0311_wmc.1d778c06.tlog\cl.command.1.tlog
c:\users\user\desktop\정우진\비트고급\wsp\실습\0311_wmcopydata실습(pipe)\0311실습\0311_wmcopydata실습\debug\0311_wmc.1d778c06.tlog\cl.read.1.tlog
c:\users\user\desktop\정우진\비트고급\wsp\실습\0311_wmcopydata실습(pipe)\0311실습\0311_wmcopydata실습\debug\0311_wmc.1d778c06.tlog\cl.write.1.tlog
c:\users\user\desktop\정우진\비트고급\wsp\실습\0311_wmcopydata실습(pipe)\0311실습\0311_wmcopydata실습\debug\0311_wmc.1d778c06.tlog\link.command.1.tlog
c:\users\user\desktop\정우진\비트고급\wsp\실습\0311_wmcopydata실습(pipe)\0311실습\0311_wmcopydata실습\debug\0311_wmc.1d778c06.tlog\link.read.1.tlog
c:\users\user\desktop\정우진\비트고급\wsp\실습\0311_wmcopydata실습(pipe)\0311실습\0311_wmcopydata실습\debug\0311_wmc.1d778c06.tlog\link.write.1.tlog
c:\users\user\desktop\정우진\비트고급\wsp\실습\0311_wmcopydata실습(pipe)\0311실습\0311_wmcopydata실습\debug\0311_wmc.1d778c06.tlog\rc.command.1.tlog
c:\users\user\desktop\정우진\비트고급\wsp\실습\0311_wmcopydata실습(pipe)\0311실습\0311_wmcopydata실습\debug\0311_wmc.1d778c06.tlog\rc.read.1.tlog
c:\users\user\desktop\정우진\비트고급\wsp\실습\0311_wmcopydata실습(pipe)\0311실습\0311_wmcopydata실습\debug\0311_wmc.1d778c06.tlog\rc.write.1.tlog
