c:\users\user\desktop\0325\0324_client(eventclassgui) (2)\0324\debug\vc142.pdb
c:\users\user\desktop\0325\0324_client(eventclassgui) (2)\0324\debug\vc142.idb
c:\users\user\desktop\0325\0324_client(eventclassgui) (2)\0324\debug\wbclient.obj
c:\users\user\desktop\0325\0324_client(eventclassgui) (2)\0324\debug\start.obj
c:\users\user\desktop\0325\0324_client(eventclassgui) (2)\0324\debug\packet.obj
c:\users\user\desktop\0325\0324_client(eventclassgui) (2)\0324\debug\maindlg.obj
c:\users\user\desktop\0325\0324_client(eventclassgui) (2)\0324\debug\addmemberdlg.obj
c:\users\user\desktop\0325\0324_client(eventclassgui) (2)\debug\0324.exe
c:\users\user\desktop\0325\0324_client(eventclassgui) (2)\debug\0324.ilk
c:\users\user\desktop\0325\0324_client(eventclassgui) (2)\debug\0324.pdb
c:\users\user\desktop\0325\0324_client(eventclassgui) (2)\0324\debug\0324.res
c:\users\user\desktop\0325\0324_client(eventclassgui) (2)\0324\debug\0324.tlog\cl.command.1.tlog
c:\users\user\desktop\0325\0324_client(eventclassgui) (2)\0324\debug\0324.tlog\cl.read.1.tlog
c:\users\user\desktop\0325\0324_client(eventclassgui) (2)\0324\debug\0324.tlog\cl.write.1.tlog
c:\users\user\desktop\0325\0324_client(eventclassgui) (2)\0324\debug\0324.tlog\link.command.1.tlog
c:\users\user\desktop\0325\0324_client(eventclassgui) (2)\0324\debug\0324.tlog\link.read.1.tlog
c:\users\user\desktop\0325\0324_client(eventclassgui) (2)\0324\debug\0324.tlog\link.write.1.tlog
c:\users\user\desktop\0325\0324_client(eventclassgui) (2)\0324\debug\0324.tlog\rc.command.1.tlog
c:\users\user\desktop\0325\0324_client(eventclassgui) (2)\0324\debug\0324.tlog\rc.read.1.tlog
c:\users\user\desktop\0325\0324_client(eventclassgui) (2)\0324\debug\0324.tlog\rc.write.1.tlog
