c:\users\user\desktop\정우진\비트고급\api programming\프로그램 실습\0304_실습\0304_실습\debug\vc142.pdb
c:\users\user\desktop\정우진\비트고급\api programming\프로그램 실습\0304_실습\0304_실습\debug\vc142.idb
c:\users\user\desktop\정우진\비트고급\api programming\프로그램 실습\0304_실습\0304_실습\debug\start.obj
c:\users\user\desktop\정우진\비트고급\api programming\프로그램 실습\0304_실습\0304_실습\debug\shape.obj
c:\users\user\desktop\정우진\비트고급\api programming\프로그램 실습\0304_실습\0304_실습\debug\handler.obj
c:\users\user\desktop\정우진\비트고급\api programming\프로그램 실습\0304_실습\0304_실습\debug\control.obj
c:\users\user\desktop\정우진\비트고급\api programming\프로그램 실습\0307_실습 - 메뉴부착\0304_실습\debug\vc142.pdb
c:\users\user\desktop\정우진\비트고급\api programming\프로그램 실습\0307_실습 - 메뉴부착\0304_실습\debug\vc142.idb
c:\users\user\desktop\정우진\비트고급\api programming\프로그램 실습\0307_실습 - 메뉴부착\0304_실습\debug\handler.obj
c:\users\user\desktop\정우진\비트고급\api programming\프로그램 실습\0307_실습 - 메뉴부착\0304_실습\debug\start.obj
c:\users\user\desktop\정우진\비트고급\api programming\프로그램 실습\0307_실습 - 메뉴부착\0304_실습\debug\shape.obj
c:\users\user\desktop\정우진\비트고급\api programming\프로그램 실습\0307_실습 - 메뉴부착\0304_실습\debug\control.obj
c:\users\user\desktop\정우진\비트고급\api programming\프로그램 실습\0304_실습\debug\0304_실습.exe
c:\users\user\desktop\정우진\비트고급\api programming\프로그램 실습\0304_실습\debug\0304_실습.ilk
c:\users\user\desktop\정우진\비트고급\api programming\프로그램 실습\0304_실습\debug\0304_실습.pdb
c:\users\user\desktop\정우진\비트고급\api programming\프로그램 실습\0307_실습 - 메뉴부착\debug\0304_실습.exe
c:\users\user\desktop\정우진\비트고급\api programming\프로그램 실습\0307_실습 - 메뉴부착\debug\0304_실습.ilk
c:\users\user\desktop\정우진\비트고급\api programming\프로그램 실습\0307_실습 - 메뉴부착\debug\0304_실습.pdb
c:\users\user\desktop\정우진\비트고급\api programming\프로그램 실습\0307_실습 - 메뉴부착\0304_실습\debug\0304_실습.res
c:\users\user\desktop\정우진\비트고급\api programming\프로그램 실습\0307_실습 - 메뉴부착\0304_실습\debug\0304_실습.tlog\cl.command.1.tlog
c:\users\user\desktop\정우진\비트고급\api programming\프로그램 실습\0307_실습 - 메뉴부착\0304_실습\debug\0304_실습.tlog\cl.read.1.tlog
c:\users\user\desktop\정우진\비트고급\api programming\프로그램 실습\0307_실습 - 메뉴부착\0304_실습\debug\0304_실습.tlog\cl.write.1.tlog
c:\users\user\desktop\정우진\비트고급\api programming\프로그램 실습\0307_실습 - 메뉴부착\0304_실습\debug\0304_실습.tlog\link.command.1.tlog
c:\users\user\desktop\정우진\비트고급\api programming\프로그램 실습\0307_실습 - 메뉴부착\0304_실습\debug\0304_실습.tlog\link.read.1.tlog
c:\users\user\desktop\정우진\비트고급\api programming\프로그램 실습\0307_실습 - 메뉴부착\0304_실습\debug\0304_실습.tlog\link.write.1.tlog
c:\users\user\desktop\정우진\비트고급\api programming\프로그램 실습\0307_실습 - 메뉴부착\0304_실습\debug\0304_실습.tlog\rc.command.1.tlog
c:\users\user\desktop\정우진\비트고급\api programming\프로그램 실습\0307_실습 - 메뉴부착\0304_실습\debug\0304_실습.tlog\rc.read.1.tlog
c:\users\user\desktop\정우진\비트고급\api programming\프로그램 실습\0307_실습 - 메뉴부착\0304_실습\debug\0304_실습.tlog\rc.write.1.tlog
