c:\users\user\desktop\정우진\비트고급\wnp\실습\0323_wsaasyncselect(1대 다) (2)\asyncclient\debug\asyncclient.bsc
c:\users\user\desktop\정우진\비트고급\wnp\실습\0323_wsaasyncselect(1대 다) (2)\asyncclient\debug\vc142.pdb
c:\users\user\desktop\정우진\비트고급\wnp\실습\0323_wsaasyncselect(1대 다) (2)\asyncclient\debug\vc142.idb
c:\users\user\desktop\정우진\비트고급\wnp\실습\0323_wsaasyncselect(1대 다) (2)\asyncclient\debug\handler.sbr
c:\users\user\desktop\정우진\비트고급\wnp\실습\0323_wsaasyncselect(1대 다) (2)\asyncclient\debug\start.sbr
c:\users\user\desktop\정우진\비트고급\wnp\실습\0323_wsaasyncselect(1대 다) (2)\asyncclient\debug\ui.sbr
c:\users\user\desktop\정우진\비트고급\wnp\실습\0323_wsaasyncselect(1대 다) (2)\asyncclient\debug\wbnet.sbr
c:\users\user\desktop\정우진\비트고급\wnp\실습\0323_wsaasyncselect(1대 다) (2)\asyncclient\debug\wbnet.obj
c:\users\user\desktop\정우진\비트고급\wnp\실습\0323_wsaasyncselect(1대 다) (2)\asyncclient\debug\ui.obj
c:\users\user\desktop\정우진\비트고급\wnp\실습\0323_wsaasyncselect(1대 다) (2)\asyncclient\debug\start.obj
c:\users\user\desktop\정우진\비트고급\wnp\실습\0323_wsaasyncselect(1대 다) (2)\asyncclient\debug\handler.obj
c:\users\user\desktop\정우진\비트고급\wnp\실습\0323_wsaasyncselect(1대 다) (2)\asyncclient\debug\asyncclient.exe
c:\users\user\desktop\정우진\비트고급\wnp\실습\0323_wsaasyncselect(1대 다) (2)\asyncclient\debug\asyncclient.ilk
c:\users\user\desktop\정우진\비트고급\wnp\실습\0323_wsaasyncselect(1대 다) (2)\asyncclient\debug\asyncclient.pdb
c:\users\user\desktop\정우진\비트고급\wnp\실습\0323_wsaasyncselect(1대 다) (2)\asyncclient\debug\asyncclient.res
c:\users\user\desktop\정우진\비트고급\wnp\실습\0323_wsaasyncselect(1대 다) (2)\asyncclient\debug\asyncclient.tlog\bscmake.command.1.tlog
c:\users\user\desktop\정우진\비트고급\wnp\실습\0323_wsaasyncselect(1대 다) (2)\asyncclient\debug\asyncclient.tlog\bscmake.read.1.tlog
c:\users\user\desktop\정우진\비트고급\wnp\실습\0323_wsaasyncselect(1대 다) (2)\asyncclient\debug\asyncclient.tlog\bscmake.write.1.tlog
c:\users\user\desktop\정우진\비트고급\wnp\실습\0323_wsaasyncselect(1대 다) (2)\asyncclient\debug\asyncclient.tlog\cl.command.1.tlog
c:\users\user\desktop\정우진\비트고급\wnp\실습\0323_wsaasyncselect(1대 다) (2)\asyncclient\debug\asyncclient.tlog\cl.read.1.tlog
c:\users\user\desktop\정우진\비트고급\wnp\실습\0323_wsaasyncselect(1대 다) (2)\asyncclient\debug\asyncclient.tlog\cl.write.1.tlog
c:\users\user\desktop\정우진\비트고급\wnp\실습\0323_wsaasyncselect(1대 다) (2)\asyncclient\debug\asyncclient.tlog\link.command.1.tlog
c:\users\user\desktop\정우진\비트고급\wnp\실습\0323_wsaasyncselect(1대 다) (2)\asyncclient\debug\asyncclient.tlog\link.read.1.tlog
c:\users\user\desktop\정우진\비트고급\wnp\실습\0323_wsaasyncselect(1대 다) (2)\asyncclient\debug\asyncclient.tlog\link.write.1.tlog
c:\users\user\desktop\정우진\비트고급\wnp\실습\0323_wsaasyncselect(1대 다) (2)\asyncclient\debug\asyncclient.tlog\rc.command.1.tlog
c:\users\user\desktop\정우진\비트고급\wnp\실습\0323_wsaasyncselect(1대 다) (2)\asyncclient\debug\asyncclient.tlog\rc.read.1.tlog
c:\users\user\desktop\정우진\비트고급\wnp\실습\0323_wsaasyncselect(1대 다) (2)\asyncclient\debug\asyncclient.tlog\rc.write.1.tlog
