c:\users\user\desktop\정우진\비트고급\api programming\프로그램 실습\0308_실습\project1\project1\debug\vc142.pdb
c:\users\user\desktop\정우진\비트고급\api programming\프로그램 실습\0308_실습\project1\project1\debug\vc142.idb
c:\users\user\desktop\정우진\비트고급\api programming\프로그램 실습\0308_실습\project1\project1\debug\ui.obj
c:\users\user\desktop\정우진\비트고급\api programming\프로그램 실습\0308_실습\project1\project1\debug\start.obj
c:\users\user\desktop\정우진\비트고급\api programming\프로그램 실습\0308_실습\project1\project1\debug\insertdlg.obj
c:\users\user\desktop\정우진\비트고급\api programming\프로그램 실습\0308_실습\project1\project1\debug\handler.obj
c:\users\user\desktop\정우진\비트고급\api programming\프로그램 실습\0308_실습\project1\project1\debug\selectdlg.obj
c:\users\user\desktop\정우진\비트고급\api programming\프로그램 실습\0308_실습\project1\debug\project1.exe
c:\users\user\desktop\정우진\비트고급\api programming\프로그램 실습\0308_실습\project1\debug\project1.ilk
c:\users\user\desktop\정우진\비트고급\api programming\프로그램 실습\0308_실습\project1\debug\project1.pdb
c:\users\user\desktop\정우진\비트고급\api programming\프로그램 실습\0308_실습\project1\project1\debug\project1.res
c:\users\user\desktop\정우진\비트고급\api programming\프로그램 실습\0308_실습\project1\project1\debug\project1.tlog\cl.command.1.tlog
c:\users\user\desktop\정우진\비트고급\api programming\프로그램 실습\0308_실습\project1\project1\debug\project1.tlog\cl.read.1.tlog
c:\users\user\desktop\정우진\비트고급\api programming\프로그램 실습\0308_실습\project1\project1\debug\project1.tlog\cl.write.1.tlog
c:\users\user\desktop\정우진\비트고급\api programming\프로그램 실습\0308_실습\project1\project1\debug\project1.tlog\link.command.1.tlog
c:\users\user\desktop\정우진\비트고급\api programming\프로그램 실습\0308_실습\project1\project1\debug\project1.tlog\link.read.1.tlog
c:\users\user\desktop\정우진\비트고급\api programming\프로그램 실습\0308_실습\project1\project1\debug\project1.tlog\link.write.1.tlog
c:\users\user\desktop\정우진\비트고급\api programming\프로그램 실습\0308_실습\project1\project1\debug\project1.tlog\rc.command.1.tlog
c:\users\user\desktop\정우진\비트고급\api programming\프로그램 실습\0308_실습\project1\project1\debug\project1.tlog\rc.read.1.tlog
c:\users\user\desktop\정우진\비트고급\api programming\프로그램 실습\0308_실습\project1\project1\debug\project1.tlog\rc.write.1.tlog
